{"/home/etec/Documentos/WeTwo/WeTwo-Front/src/App.jsx": {"path":"/home/etec/Documentos/WeTwo/WeTwo-Front/src/App.jsx","statementMap":{"0":{"start":{"line":10,"column":2},"end":{"line":20,"column":4}}},"fnMap":{"0":{"name":"App","decl":{"start":{"line":9,"column":24},"end":{"line":9,"column":27}},"loc":{"start":{"line":9,"column":30},"end":{"line":21,"column":1}},"line":9}},"branchMap":{},"s":{"0":0},"f":{"0":0},"b":{}}
,"/home/etec/Documentos/WeTwo/WeTwo-Front/src/components/HelloWorld.jsx": {"path":"/home/etec/Documentos/WeTwo/WeTwo-Front/src/components/HelloWorld.jsx","statementMap":{"0":{"start":{"line":2,"column":2},"end":{"line":2,"column":33}}},"fnMap":{"0":{"name":"HelloWorld","decl":{"start":{"line":1,"column":24},"end":{"line":1,"column":34}},"loc":{"start":{"line":1,"column":45},"end":{"line":3,"column":1}},"line":1}},"branchMap":{},"s":{"0":1},"f":{"0":1},"b":{},"_coverageSchema":"1a1c01bbd47fc00a2c39e90264f33305004495a9","hash":"68c017219acd2b0839cc7afcebb68132c42f5671"}
,"/home/etec/Documentos/WeTwo/WeTwo-Front/src/components/ui/Button.jsx": {"path":"/home/etec/Documentos/WeTwo/WeTwo-Front/src/components/ui/Button.jsx","statementMap":{"0":{"start":{"line":4,"column":2},"end":{"line":23,"column":4}}},"fnMap":{"0":{"name":"AnimatedButton","decl":{"start":{"line":3,"column":24},"end":{"line":3,"column":38}},"loc":{"start":{"line":3,"column":53},"end":{"line":24,"column":1}},"line":3}},"branchMap":{},"s":{"0":2},"f":{"0":2},"b":{},"_coverageSchema":"1a1c01bbd47fc00a2c39e90264f33305004495a9","hash":"fdbebd1147d4db48171aeb059884252996a60cd5"}
,"/home/etec/Documentos/WeTwo/WeTwo-Front/src/pages/forum/Chat.jsx": {"path":"/home/etec/Documentos/WeTwo/WeTwo-Front/src/pages/forum/Chat.jsx","statementMap":{"0":{"start":{"line":4,"column":13},"end":{"line":241,"column":1}},"1":{"start":{"line":5,"column":30},"end":{"line":5,"column":45}},"2":{"start":{"line":6,"column":36},"end":{"line":6,"column":51}},"3":{"start":{"line":7,"column":36},"end":{"line":7,"column":51}},"4":{"start":{"line":8,"column":38},"end":{"line":8,"column":52}},"5":{"start":{"line":9,"column":28},"end":{"line":28,"column":4}},"6":{"start":{"line":29,"column":28},"end":{"line":29,"column":40}},"7":{"start":{"line":31,"column":19},"end":{"line":40,"column":3}},"8":{"start":{"line":32,"column":4},"end":{"line":39,"column":5}},"9":{"start":{"line":33,"column":6},"end":{"line":33,"column":25}},"10":{"start":{"line":34,"column":6},"end":{"line":34,"column":22}},"11":{"start":{"line":36,"column":6},"end":{"line":38,"column":14}},"12":{"start":{"line":37,"column":8},"end":{"line":37,"column":28}},"13":{"start":{"line":42,"column":20},"end":{"line":52,"column":3}},"14":{"start":{"line":43,"column":4},"end":{"line":51,"column":5}},"15":{"start":{"line":44,"column":6},"end":{"line":44,"column":25}},"16":{"start":{"line":46,"column":6},"end":{"line":50,"column":14}},"17":{"start":{"line":47,"column":8},"end":{"line":47,"column":25}},"18":{"start":{"line":48,"column":8},"end":{"line":48,"column":28}},"19":{"start":{"line":49,"column":8},"end":{"line":49,"column":28}},"20":{"start":{"line":54,"column":21},"end":{"line":60,"column":3}},"21":{"start":{"line":55,"column":4},"end":{"line":59,"column":5}},"22":{"start":{"line":56,"column":6},"end":{"line":56,"column":18}},"23":{"start":{"line":58,"column":6},"end":{"line":58,"column":17}},"24":{"start":{"line":62,"column":21},"end":{"line":69,"column":3}},"25":{"start":{"line":63,"column":4},"end":{"line":63,"column":24}},"26":{"start":{"line":65,"column":25},"end":{"line":67,"column":5}},"27":{"start":{"line":66,"column":6},"end":{"line":66,"column":48}},"28":{"start":{"line":68,"column":4},"end":{"line":68,"column":27}},"29":{"start":{"line":71,"column":22},"end":{"line":121,"column":3}},"30":{"start":{"line":72,"column":4},"end":{"line":72,"column":51}},"31":{"start":{"line":72,"column":44},"end":{"line":72,"column":51}},"32":{"start":{"line":74,"column":23},"end":{"line":77,"column":5}},"33":{"start":{"line":80,"column":25},"end":{"line":88,"column":6}},"34":{"start":{"line":81,"column":6},"end":{"line":86,"column":7}},"35":{"start":{"line":82,"column":8},"end":{"line":85,"column":10}},"36":{"start":{"line":87,"column":6},"end":{"line":87,"column":18}},"37":{"start":{"line":90,"column":4},"end":{"line":90,"column":27}},"38":{"start":{"line":91,"column":4},"end":{"line":91,"column":17}},"39":{"start":{"line":94,"column":4},"end":{"line":120,"column":13}},"40":{"start":{"line":95,"column":30},"end":{"line":98,"column":7}},"41":{"start":{"line":100,"column":39},"end":{"line":109,"column":8}},"42":{"start":{"line":101,"column":8},"end":{"line":107,"column":9}},"43":{"start":{"line":102,"column":10},"end":{"line":106,"column":12}},"44":{"start":{"line":108,"column":8},"end":{"line":108,"column":20}},"45":{"start":{"line":111,"column":6},"end":{"line":111,"column":41}},"46":{"start":{"line":114,"column":6},"end":{"line":119,"column":7}},"47":{"start":{"line":115,"column":34},"end":{"line":117,"column":9}},"48":{"start":{"line":116,"column":18},"end":{"line":116,"column":43}},"49":{"start":{"line":118,"column":8},"end":{"line":118,"column":41}},"50":{"start":{"line":123,"column":25},"end":{"line":125,"column":3}},"51":{"start":{"line":124,"column":4},"end":{"line":124,"column":41}},"52":{"start":{"line":124,"column":27},"end":{"line":124,"column":41}},"53":{"start":{"line":127,"column":22},"end":{"line":127,"column":75}},"54":{"start":{"line":127,"column":52},"end":{"line":127,"column":71}},"55":{"start":{"line":130,"column":29},"end":{"line":135,"column":3}},"56":{"start":{"line":131,"column":20},"end":{"line":131,"column":33}},"57":{"start":{"line":132,"column":4},"end":{"line":132,"column":43}},"58":{"start":{"line":132,"column":19},"end":{"line":132,"column":43}},"59":{"start":{"line":133,"column":4},"end":{"line":133,"column":43}},"60":{"start":{"line":133,"column":19},"end":{"line":133,"column":43}},"61":{"start":{"line":134,"column":4},"end":{"line":134,"column":21}},"62":{"start":{"line":137,"column":29},"end":{"line":142,"column":3}},"63":{"start":{"line":138,"column":20},"end":{"line":138,"column":33}},"64":{"start":{"line":139,"column":4},"end":{"line":139,"column":59}},"65":{"start":{"line":139,"column":25},"end":{"line":139,"column":59}},"66":{"start":{"line":140,"column":4},"end":{"line":140,"column":45}},"67":{"start":{"line":140,"column":19},"end":{"line":140,"column":45}},"68":{"start":{"line":141,"column":4},"end":{"line":141,"column":21}},"69":{"start":{"line":144,"column":2},"end":{"line":240,"column":4}},"70":{"start":{"line":173,"column":18},"end":{"line":188,"column":24}},"71":{"start":{"line":176,"column":35},"end":{"line":176,"column":51}},"72":{"start":{"line":197,"column":35},"end":{"line":197,"column":54}},"73":{"start":{"line":206,"column":20},"end":{"line":213,"column":26}},"74":{"start":{"line":221,"column":37},"end":{"line":221,"column":61}}},"fnMap":{"0":{"name":"(anonymous_0)","decl":{"start":{"line":4,"column":13},"end":{"line":4,"column":14}},"loc":{"start":{"line":4,"column":19},"end":{"line":241,"column":1}},"line":4},"1":{"name":"(anonymous_1)","decl":{"start":{"line":31,"column":19},"end":{"line":31,"column":20}},"loc":{"start":{"line":31,"column":25},"end":{"line":40,"column":3}},"line":31},"2":{"name":"(anonymous_2)","decl":{"start":{"line":36,"column":17},"end":{"line":36,"column":18}},"loc":{"start":{"line":36,"column":23},"end":{"line":38,"column":7}},"line":36},"3":{"name":"(anonymous_3)","decl":{"start":{"line":42,"column":20},"end":{"line":42,"column":21}},"loc":{"start":{"line":42,"column":26},"end":{"line":52,"column":3}},"line":42},"4":{"name":"(anonymous_4)","decl":{"start":{"line":46,"column":17},"end":{"line":46,"column":18}},"loc":{"start":{"line":46,"column":23},"end":{"line":50,"column":7}},"line":46},"5":{"name":"(anonymous_5)","decl":{"start":{"line":54,"column":21},"end":{"line":54,"column":22}},"loc":{"start":{"line":54,"column":27},"end":{"line":60,"column":3}},"line":54},"6":{"name":"(anonymous_6)","decl":{"start":{"line":62,"column":21},"end":{"line":62,"column":22}},"loc":{"start":{"line":62,"column":31},"end":{"line":69,"column":3}},"line":62},"7":{"name":"(anonymous_7)","decl":{"start":{"line":65,"column":35},"end":{"line":65,"column":36}},"loc":{"start":{"line":66,"column":6},"end":{"line":66,"column":48}},"line":66},"8":{"name":"(anonymous_8)","decl":{"start":{"line":71,"column":22},"end":{"line":71,"column":23}},"loc":{"start":{"line":71,"column":28},"end":{"line":121,"column":3}},"line":71},"9":{"name":"(anonymous_9)","decl":{"start":{"line":80,"column":35},"end":{"line":80,"column":36}},"loc":{"start":{"line":80,"column":43},"end":{"line":88,"column":5}},"line":80},"10":{"name":"(anonymous_10)","decl":{"start":{"line":94,"column":15},"end":{"line":94,"column":16}},"loc":{"start":{"line":94,"column":21},"end":{"line":120,"column":5}},"line":94},"11":{"name":"(anonymous_11)","decl":{"start":{"line":100,"column":56},"end":{"line":100,"column":57}},"loc":{"start":{"line":100,"column":64},"end":{"line":109,"column":7}},"line":100},"12":{"name":"(anonymous_12)","decl":{"start":{"line":116,"column":10},"end":{"line":116,"column":11}},"loc":{"start":{"line":116,"column":18},"end":{"line":116,"column":43}},"line":116},"13":{"name":"(anonymous_13)","decl":{"start":{"line":123,"column":25},"end":{"line":123,"column":26}},"loc":{"start":{"line":123,"column":32},"end":{"line":125,"column":3}},"line":123},"14":{"name":"(anonymous_14)","decl":{"start":{"line":127,"column":35},"end":{"line":127,"column":36}},"loc":{"start":{"line":127,"column":52},"end":{"line":127,"column":71}},"line":127},"15":{"name":"(anonymous_15)","decl":{"start":{"line":130,"column":29},"end":{"line":130,"column":30}},"loc":{"start":{"line":130,"column":35},"end":{"line":135,"column":3}},"line":130},"16":{"name":"(anonymous_16)","decl":{"start":{"line":137,"column":29},"end":{"line":137,"column":30}},"loc":{"start":{"line":137,"column":35},"end":{"line":142,"column":3}},"line":137},"17":{"name":"(anonymous_17)","decl":{"start":{"line":172,"column":27},"end":{"line":172,"column":28}},"loc":{"start":{"line":173,"column":18},"end":{"line":188,"column":24}},"line":173},"18":{"name":"(anonymous_18)","decl":{"start":{"line":176,"column":29},"end":{"line":176,"column":30}},"loc":{"start":{"line":176,"column":35},"end":{"line":176,"column":51}},"line":176},"19":{"name":"(anonymous_19)","decl":{"start":{"line":197,"column":29},"end":{"line":197,"column":30}},"loc":{"start":{"line":197,"column":35},"end":{"line":197,"column":54}},"line":197},"20":{"name":"(anonymous_20)","decl":{"start":{"line":205,"column":43},"end":{"line":205,"column":44}},"loc":{"start":{"line":206,"column":20},"end":{"line":213,"column":26}},"line":206},"21":{"name":"(anonymous_21)","decl":{"start":{"line":221,"column":30},"end":{"line":221,"column":31}},"loc":{"start":{"line":221,"column":37},"end":{"line":221,"column":61}},"line":221}},"branchMap":{"0":{"loc":{"start":{"line":32,"column":4},"end":{"line":39,"column":5}},"type":"if","locations":[{"start":{"line":32,"column":4},"end":{"line":39,"column":5}},{"start":{},"end":{}}],"line":32},"1":{"loc":{"start":{"line":32,"column":8},"end":{"line":32,"column":29}},"type":"binary-expr","locations":[{"start":{"line":32,"column":8},"end":{"line":32,"column":15}},{"start":{"line":32,"column":19},"end":{"line":32,"column":29}}],"line":32},"2":{"loc":{"start":{"line":43,"column":4},"end":{"line":51,"column":5}},"type":"if","locations":[{"start":{"line":43,"column":4},"end":{"line":51,"column":5}},{"start":{},"end":{}}],"line":43},"3":{"loc":{"start":{"line":43,"column":8},"end":{"line":43,"column":28}},"type":"binary-expr","locations":[{"start":{"line":43,"column":8},"end":{"line":43,"column":14}},{"start":{"line":43,"column":18},"end":{"line":43,"column":28}}],"line":43},"4":{"loc":{"start":{"line":55,"column":4},"end":{"line":59,"column":5}},"type":"if","locations":[{"start":{"line":55,"column":4},"end":{"line":59,"column":5}},{"start":{"line":57,"column":11},"end":{"line":59,"column":5}}],"line":55},"5":{"loc":{"start":{"line":66,"column":6},"end":{"line":66,"column":48}},"type":"cond-expr","locations":[{"start":{"line":66,"column":25},"end":{"line":66,"column":44}},{"start":{"line":66,"column":47},"end":{"line":66,"column":48}}],"line":66},"6":{"loc":{"start":{"line":72,"column":4},"end":{"line":72,"column":51}},"type":"if","locations":[{"start":{"line":72,"column":4},"end":{"line":72,"column":51}},{"start":{},"end":{}}],"line":72},"7":{"loc":{"start":{"line":72,"column":8},"end":{"line":72,"column":42}},"type":"binary-expr","locations":[{"start":{"line":72,"column":8},"end":{"line":72,"column":27}},{"start":{"line":72,"column":31},"end":{"line":72,"column":42}}],"line":72},"8":{"loc":{"start":{"line":81,"column":6},"end":{"line":86,"column":7}},"type":"if","locations":[{"start":{"line":81,"column":6},"end":{"line":86,"column":7}},{"start":{},"end":{}}],"line":81},"9":{"loc":{"start":{"line":101,"column":8},"end":{"line":107,"column":9}},"type":"if","locations":[{"start":{"line":101,"column":8},"end":{"line":107,"column":9}},{"start":{},"end":{}}],"line":101},"10":{"loc":{"start":{"line":114,"column":6},"end":{"line":119,"column":7}},"type":"if","locations":[{"start":{"line":114,"column":6},"end":{"line":119,"column":7}},{"start":{},"end":{}}],"line":114},"11":{"loc":{"start":{"line":124,"column":4},"end":{"line":124,"column":41}},"type":"if","locations":[{"start":{"line":124,"column":4},"end":{"line":124,"column":41}},{"start":{},"end":{}}],"line":124},"12":{"loc":{"start":{"line":132,"column":4},"end":{"line":132,"column":43}},"type":"if","locations":[{"start":{"line":132,"column":4},"end":{"line":132,"column":43}},{"start":{},"end":{}}],"line":132},"13":{"loc":{"start":{"line":133,"column":4},"end":{"line":133,"column":43}},"type":"if","locations":[{"start":{"line":133,"column":4},"end":{"line":133,"column":43}},{"start":{},"end":{}}],"line":133},"14":{"loc":{"start":{"line":139,"column":4},"end":{"line":139,"column":59}},"type":"if","locations":[{"start":{"line":139,"column":4},"end":{"line":139,"column":59}},{"start":{},"end":{}}],"line":139},"15":{"loc":{"start":{"line":140,"column":4},"end":{"line":140,"column":45}},"type":"if","locations":[{"start":{"line":140,"column":4},"end":{"line":140,"column":45}},{"start":{},"end":{}}],"line":140},"16":{"loc":{"start":{"line":152,"column":9},"end":{"line":154,"column":9}},"type":"binary-expr","locations":[{"start":{"line":152,"column":9},"end":{"line":152,"column":24}},{"start":{"line":153,"column":10},"end":{"line":153,"column":67}}],"line":152},"17":{"loc":{"start":{"line":158,"column":7},"end":{"line":238,"column":7}},"type":"binary-expr","locations":[{"start":{"line":158,"column":7},"end":{"line":158,"column":13}},{"start":{"line":159,"column":8},"end":{"line":237,"column":14}}],"line":158},"18":{"loc":{"start":{"line":168,"column":13},"end":{"line":235,"column":13}},"type":"cond-expr","locations":[{"start":{"line":170,"column":14},"end":{"line":190,"column":20}},{"start":{"line":193,"column":14},"end":{"line":234,"column":20}}],"line":168},"19":{"loc":{"start":{"line":175,"column":44},"end":{"line":175,"column":75}},"type":"cond-expr","locations":[{"start":{"line":175,"column":62},"end":{"line":175,"column":70}},{"start":{"line":175,"column":73},"end":{"line":175,"column":75}}],"line":175},"20":{"loc":{"start":{"line":185,"column":21},"end":{"line":187,"column":21}},"type":"binary-expr","locations":[{"start":{"line":185,"column":21},"end":{"line":185,"column":36}},{"start":{"line":186,"column":22},"end":{"line":186,"column":73}}],"line":185},"21":{"loc":{"start":{"line":208,"column":44},"end":{"line":208,"column":85}},"type":"cond-expr","locations":[{"start":{"line":208,"column":66},"end":{"line":208,"column":72}},{"start":{"line":208,"column":75},"end":{"line":208,"column":85}}],"line":208}},"s":{"0":0,"1":0,"2":0,"3":0,"4":0,"5":0,"6":0,"7":0,"8":0,"9":0,"10":0,"11":0,"12":0,"13":0,"14":0,"15":0,"16":0,"17":0,"18":0,"19":0,"20":0,"21":0,"22":0,"23":0,"24":0,"25":0,"26":0,"27":0,"28":0,"29":0,"30":0,"31":0,"32":0,"33":0,"34":0,"35":0,"36":0,"37":0,"38":0,"39":0,"40":0,"41":0,"42":0,"43":0,"44":0,"45":0,"46":0,"47":0,"48":0,"49":0,"50":0,"51":0,"52":0,"53":0,"54":0,"55":0,"56":0,"57":0,"58":0,"59":0,"60":0,"61":0,"62":0,"63":0,"64":0,"65":0,"66":0,"67":0,"68":0,"69":0,"70":0,"71":0,"72":0,"73":0,"74":0},"f":{"0":0,"1":0,"2":0,"3":0,"4":0,"5":0,"6":0,"7":0,"8":0,"9":0,"10":0,"11":0,"12":0,"13":0,"14":0,"15":0,"16":0,"17":0,"18":0,"19":0,"20":0,"21":0},"b":{"0":[0,0],"1":[0,0],"2":[0,0],"3":[0,0],"4":[0,0],"5":[0,0],"6":[0,0],"7":[0,0],"8":[0,0],"9":[0,0],"10":[0,0],"11":[0,0],"12":[0,0],"13":[0,0],"14":[0,0],"15":[0,0],"16":[0,0],"17":[0,0],"18":[0,0],"19":[0,0],"20":[0,0],"21":[0,0]}}
,"/home/etec/Documentos/WeTwo/WeTwo-Front/src/pages/forum/Forum.jsx": {"path":"/home/etec/Documentos/WeTwo/WeTwo-Front/src/pages/forum/Forum.jsx","statementMap":{"0":{"start":{"line":5,"column":14},"end":{"line":18,"column":1}},"1":{"start":{"line":6,"column":2},"end":{"line":17,"column":4}}},"fnMap":{"0":{"name":"(anonymous_0)","decl":{"start":{"line":5,"column":14},"end":{"line":5,"column":15}},"loc":{"start":{"line":5,"column":20},"end":{"line":18,"column":1}},"line":5}},"branchMap":{},"s":{"0":0,"1":0},"f":{"0":0},"b":{}}
,"/home/etec/Documentos/WeTwo/WeTwo-Front/src/pages/home/Home.jsx": {"path":"/home/etec/Documentos/WeTwo/WeTwo-Front/src/pages/home/Home.jsx","statementMap":{"0":{"start":{"line":6,"column":26},"end":{"line":6,"column":40}},"1":{"start":{"line":7,"column":36},"end":{"line":7,"column":57}},"2":{"start":{"line":8,"column":46},"end":{"line":8,"column":58}},"3":{"start":{"line":9,"column":32},"end":{"line":9,"column":46}},"4":{"start":{"line":10,"column":30},"end":{"line":10,"column":41}},"5":{"start":{"line":11,"column":19},"end":{"line":11,"column":32}},"6":{"start":{"line":13,"column":2},"end":{"line":33,"column":9}},"7":{"start":{"line":15,"column":21},"end":{"line":20,"column":5}},"8":{"start":{"line":21,"column":4},"end":{"line":21,"column":22}},"9":{"start":{"line":24,"column":24},"end":{"line":29,"column":5}},"10":{"start":{"line":30,"column":4},"end":{"line":30,"column":28}},"11":{"start":{"line":32,"column":4},"end":{"line":32,"column":18}},"12":{"start":{"line":35,"column":24},"end":{"line":40,"column":3}},"13":{"start":{"line":36,"column":4},"end":{"line":39,"column":5}},"14":{"start":{"line":37,"column":6},"end":{"line":37,"column":62}},"15":{"start":{"line":38,"column":6},"end":{"line":38,"column":28}},"16":{"start":{"line":42,"column":28},"end":{"line":44,"column":3}},"17":{"start":{"line":43,"column":4},"end":{"line":43,"column":22}},"18":{"start":{"line":46,"column":25},"end":{"line":48,"column":3}},"19":{"start":{"line":47,"column":4},"end":{"line":47,"column":52}},"20":{"start":{"line":50,"column":21},"end":{"line":55,"column":3}},"21":{"start":{"line":57,"column":2},"end":{"line":59,"column":3}},"22":{"start":{"line":58,"column":4},"end":{"line":58,"column":34}},"23":{"start":{"line":61,"column":2},"end":{"line":307,"column":4}},"24":{"start":{"line":89,"column":25},"end":{"line":89,"column":50}},"25":{"start":{"line":95,"column":25},"end":{"line":95,"column":45}},"26":{"start":{"line":101,"column":25},"end":{"line":101,"column":46}},"27":{"start":{"line":107,"column":25},"end":{"line":107,"column":48}},"28":{"start":{"line":156,"column":39},"end":{"line":156,"column":72}},"29":{"start":{"line":170,"column":33},"end":{"line":170,"column":50}},"30":{"start":{"line":177,"column":33},"end":{"line":177,"column":60}},"31":{"start":{"line":184,"column":33},"end":{"line":184,"column":57}},"32":{"start":{"line":191,"column":33},"end":{"line":191,"column":53}},"33":{"start":{"line":204,"column":18},"end":{"line":215,"column":24}},"34":{"start":{"line":251,"column":31},"end":{"line":251,"column":71}},"35":{"start":{"line":259,"column":31},"end":{"line":259,"column":64}},"36":{"start":{"line":267,"column":31},"end":{"line":267,"column":62}},"37":{"start":{"line":275,"column":31},"end":{"line":275,"column":56}}},"fnMap":{"0":{"name":"Home","decl":{"start":{"line":5,"column":24},"end":{"line":5,"column":28}},"loc":{"start":{"line":5,"column":31},"end":{"line":308,"column":1}},"line":5},"1":{"name":"(anonymous_1)","decl":{"start":{"line":13,"column":12},"end":{"line":13,"column":13}},"loc":{"start":{"line":13,"column":18},"end":{"line":33,"column":3}},"line":13},"2":{"name":"(anonymous_2)","decl":{"start":{"line":35,"column":24},"end":{"line":35,"column":25}},"loc":{"start":{"line":35,"column":30},"end":{"line":40,"column":3}},"line":35},"3":{"name":"(anonymous_3)","decl":{"start":{"line":42,"column":28},"end":{"line":42,"column":29}},"loc":{"start":{"line":42,"column":34},"end":{"line":44,"column":3}},"line":42},"4":{"name":"(anonymous_4)","decl":{"start":{"line":46,"column":25},"end":{"line":46,"column":26}},"loc":{"start":{"line":46,"column":35},"end":{"line":48,"column":3}},"line":46},"5":{"name":"(anonymous_5)","decl":{"start":{"line":89,"column":19},"end":{"line":89,"column":20}},"loc":{"start":{"line":89,"column":25},"end":{"line":89,"column":50}},"line":89},"6":{"name":"(anonymous_6)","decl":{"start":{"line":95,"column":19},"end":{"line":95,"column":20}},"loc":{"start":{"line":95,"column":25},"end":{"line":95,"column":45}},"line":95},"7":{"name":"(anonymous_7)","decl":{"start":{"line":101,"column":19},"end":{"line":101,"column":20}},"loc":{"start":{"line":101,"column":25},"end":{"line":101,"column":46}},"line":101},"8":{"name":"(anonymous_8)","decl":{"start":{"line":107,"column":19},"end":{"line":107,"column":20}},"loc":{"start":{"line":107,"column":25},"end":{"line":107,"column":48}},"line":107},"9":{"name":"(anonymous_9)","decl":{"start":{"line":156,"column":32},"end":{"line":156,"column":33}},"loc":{"start":{"line":156,"column":39},"end":{"line":156,"column":72}},"line":156},"10":{"name":"(anonymous_10)","decl":{"start":{"line":170,"column":27},"end":{"line":170,"column":28}},"loc":{"start":{"line":170,"column":33},"end":{"line":170,"column":50}},"line":170},"11":{"name":"(anonymous_11)","decl":{"start":{"line":177,"column":27},"end":{"line":177,"column":28}},"loc":{"start":{"line":177,"column":33},"end":{"line":177,"column":60}},"line":177},"12":{"name":"(anonymous_12)","decl":{"start":{"line":184,"column":27},"end":{"line":184,"column":28}},"loc":{"start":{"line":184,"column":33},"end":{"line":184,"column":57}},"line":184},"13":{"name":"(anonymous_13)","decl":{"start":{"line":191,"column":27},"end":{"line":191,"column":28}},"loc":{"start":{"line":191,"column":33},"end":{"line":191,"column":53}},"line":191},"14":{"name":"(anonymous_14)","decl":{"start":{"line":203,"column":32},"end":{"line":203,"column":33}},"loc":{"start":{"line":204,"column":18},"end":{"line":215,"column":24}},"line":204},"15":{"name":"(anonymous_15)","decl":{"start":{"line":251,"column":25},"end":{"line":251,"column":26}},"loc":{"start":{"line":251,"column":31},"end":{"line":251,"column":71}},"line":251},"16":{"name":"(anonymous_16)","decl":{"start":{"line":259,"column":25},"end":{"line":259,"column":26}},"loc":{"start":{"line":259,"column":31},"end":{"line":259,"column":64}},"line":259},"17":{"name":"(anonymous_17)","decl":{"start":{"line":267,"column":25},"end":{"line":267,"column":26}},"loc":{"start":{"line":267,"column":31},"end":{"line":267,"column":62}},"line":267},"18":{"name":"(anonymous_18)","decl":{"start":{"line":275,"column":25},"end":{"line":275,"column":26}},"loc":{"start":{"line":275,"column":31},"end":{"line":275,"column":56}},"line":275}},"branchMap":{"0":{"loc":{"start":{"line":36,"column":4},"end":{"line":39,"column":5}},"type":"if","locations":[{"start":{"line":36,"column":4},"end":{"line":39,"column":5}},{"start":{},"end":{}}],"line":36},"1":{"loc":{"start":{"line":57,"column":2},"end":{"line":59,"column":3}},"type":"if","locations":[{"start":{"line":57,"column":2},"end":{"line":59,"column":3}},{"start":{},"end":{}}],"line":57},"2":{"loc":{"start":{"line":88,"column":32},"end":{"line":88,"column":73}},"type":"cond-expr","locations":[{"start":{"line":88,"column":60},"end":{"line":88,"column":68}},{"start":{"line":88,"column":71},"end":{"line":88,"column":73}}],"line":88},"3":{"loc":{"start":{"line":94,"column":32},"end":{"line":94,"column":68}},"type":"cond-expr","locations":[{"start":{"line":94,"column":55},"end":{"line":94,"column":63}},{"start":{"line":94,"column":66},"end":{"line":94,"column":68}}],"line":94},"4":{"loc":{"start":{"line":100,"column":32},"end":{"line":100,"column":69}},"type":"cond-expr","locations":[{"start":{"line":100,"column":56},"end":{"line":100,"column":64}},{"start":{"line":100,"column":67},"end":{"line":100,"column":69}}],"line":100},"5":{"loc":{"start":{"line":106,"column":32},"end":{"line":106,"column":71}},"type":"cond-expr","locations":[{"start":{"line":106,"column":58},"end":{"line":106,"column":66}},{"start":{"line":106,"column":69},"end":{"line":106,"column":71}}],"line":106},"6":{"loc":{"start":{"line":116,"column":9},"end":{"line":220,"column":9}},"type":"binary-expr","locations":[{"start":{"line":116,"column":9},"end":{"line":116,"column":34}},{"start":{"line":117,"column":10},"end":{"line":219,"column":16}}],"line":116},"7":{"loc":{"start":{"line":129,"column":17},"end":{"line":133,"column":17}},"type":"cond-expr","locations":[{"start":{"line":130,"column":18},"end":{"line":130,"column":72}},{"start":{"line":132,"column":18},"end":{"line":132,"column":78}}],"line":129},"8":{"loc":{"start":{"line":136,"column":15},"end":{"line":161,"column":15}},"type":"cond-expr","locations":[{"start":{"line":137,"column":16},"end":{"line":147,"column":22}},{"start":{"line":149,"column":16},"end":{"line":160,"column":22}}],"line":136},"9":{"loc":{"start":{"line":206,"column":23},"end":{"line":206,"column":58}},"type":"binary-expr","locations":[{"start":{"line":206,"column":23},"end":{"line":206,"column":50}},{"start":{"line":206,"column":54},"end":{"line":206,"column":58}}],"line":206},"10":{"loc":{"start":{"line":207,"column":23},"end":{"line":207,"column":58}},"type":"binary-expr","locations":[{"start":{"line":207,"column":23},"end":{"line":207,"column":50}},{"start":{"line":207,"column":54},"end":{"line":207,"column":58}}],"line":207},"11":{"loc":{"start":{"line":208,"column":23},"end":{"line":208,"column":55}},"type":"binary-expr","locations":[{"start":{"line":208,"column":23},"end":{"line":208,"column":47}},{"start":{"line":208,"column":51},"end":{"line":208,"column":55}}],"line":208},"12":{"loc":{"start":{"line":209,"column":23},"end":{"line":209,"column":57}},"type":"binary-expr","locations":[{"start":{"line":209,"column":23},"end":{"line":209,"column":49}},{"start":{"line":209,"column":53},"end":{"line":209,"column":57}}],"line":209},"13":{"loc":{"start":{"line":223,"column":9},"end":{"line":242,"column":9}},"type":"binary-expr","locations":[{"start":{"line":223,"column":9},"end":{"line":223,"column":29}},{"start":{"line":224,"column":10},"end":{"line":241,"column":16}}],"line":223},"14":{"loc":{"start":{"line":245,"column":9},"end":{"line":283,"column":9}},"type":"binary-expr","locations":[{"start":{"line":245,"column":9},"end":{"line":245,"column":30}},{"start":{"line":246,"column":10},"end":{"line":282,"column":16}}],"line":245},"15":{"loc":{"start":{"line":286,"column":9},"end":{"line":304,"column":9}},"type":"binary-expr","locations":[{"start":{"line":286,"column":9},"end":{"line":286,"column":32}},{"start":{"line":287,"column":10},"end":{"line":303,"column":16}}],"line":286}},"s":{"0":0,"1":0,"2":0,"3":0,"4":0,"5":0,"6":0,"7":0,"8":0,"9":0,"10":0,"11":0,"12":0,"13":0,"14":0,"15":0,"16":0,"17":0,"18":0,"19":0,"20":0,"21":0,"22":0,"23":0,"24":0,"25":0,"26":0,"27":0,"28":0,"29":0,"30":0,"31":0,"32":0,"33":0,"34":0,"35":0,"36":0,"37":0},"f":{"0":0,"1":0,"2":0,"3":0,"4":0,"5":0,"6":0,"7":0,"8":0,"9":0,"10":0,"11":0,"12":0,"13":0,"14":0,"15":0,"16":0,"17":0,"18":0},"b":{"0":[0,0],"1":[0,0],"2":[0,0],"3":[0,0],"4":[0,0],"5":[0,0],"6":[0,0],"7":[0,0],"8":[0,0],"9":[0,0],"10":[0,0],"11":[0,0],"12":[0,0],"13":[0,0],"14":[0,0],"15":[0,0]}}
,"/home/etec/Documentos/WeTwo/WeTwo-Front/src/pages/landing/FloatingHearts.jsx": {"path":"/home/etec/Documentos/WeTwo/WeTwo-Front/src/pages/landing/FloatingHearts.jsx","statementMap":{"0":{"start":{"line":4,"column":23},"end":{"line":28,"column":1}},"1":{"start":{"line":5,"column":17},"end":{"line":5,"column":47}},"2":{"start":{"line":7,"column":2},"end":{"line":27,"column":4}},"3":{"start":{"line":10,"column":8},"end":{"line":24,"column":21}}},"fnMap":{"0":{"name":"(anonymous_0)","decl":{"start":{"line":4,"column":23},"end":{"line":4,"column":24}},"loc":{"start":{"line":4,"column":29},"end":{"line":28,"column":1}},"line":4},"1":{"name":"(anonymous_1)","decl":{"start":{"line":9,"column":18},"end":{"line":9,"column":19}},"loc":{"start":{"line":10,"column":8},"end":{"line":24,"column":21}},"line":10}},"branchMap":{},"s":{"0":0,"1":0,"2":0,"3":0},"f":{"0":0,"1":0},"b":{}}
,"/home/etec/Documentos/WeTwo/WeTwo-Front/src/pages/landing/Gallery.jsx": {"path":"/home/etec/Documentos/WeTwo/WeTwo-Front/src/pages/landing/Gallery.jsx","statementMap":{"0":{"start":{"line":3,"column":16},"end":{"line":24,"column":1}},"1":{"start":{"line":4,"column":19},"end":{"line":10,"column":3}},"2":{"start":{"line":12,"column":2},"end":{"line":23,"column":4}},"3":{"start":{"line":17,"column":10},"end":{"line":19,"column":16}}},"fnMap":{"0":{"name":"(anonymous_0)","decl":{"start":{"line":3,"column":16},"end":{"line":3,"column":17}},"loc":{"start":{"line":3,"column":22},"end":{"line":24,"column":1}},"line":3},"1":{"name":"(anonymous_1)","decl":{"start":{"line":16,"column":22},"end":{"line":16,"column":23}},"loc":{"start":{"line":17,"column":10},"end":{"line":19,"column":16}},"line":17}},"branchMap":{},"s":{"0":0,"1":0,"2":0,"3":0},"f":{"0":0,"1":0},"b":{}}
,"/home/etec/Documentos/WeTwo/WeTwo-Front/src/pages/landing/Hero.jsx": {"path":"/home/etec/Documentos/WeTwo/WeTwo-Front/src/pages/landing/Hero.jsx","statementMap":{"0":{"start":{"line":5,"column":13},"end":{"line":22,"column":1}},"1":{"start":{"line":6,"column":2},"end":{"line":21,"column":4}},"2":{"start":{"line":14,"column":59},"end":{"line":14,"column":76}}},"fnMap":{"0":{"name":"(anonymous_0)","decl":{"start":{"line":5,"column":13},"end":{"line":5,"column":14}},"loc":{"start":{"line":5,"column":31},"end":{"line":22,"column":1}},"line":5},"1":{"name":"(anonymous_1)","decl":{"start":{"line":14,"column":53},"end":{"line":14,"column":54}},"loc":{"start":{"line":14,"column":59},"end":{"line":14,"column":76}},"line":14}},"branchMap":{},"s":{"0":0,"1":0,"2":0},"f":{"0":0,"1":0},"b":{}}
,"/home/etec/Documentos/WeTwo/WeTwo-Front/src/pages/landing/Landing.jsx": {"path":"/home/etec/Documentos/WeTwo/WeTwo-Front/src/pages/landing/Landing.jsx","statementMap":{"0":{"start":{"line":8,"column":17},"end":{"line":15,"column":1}},"1":{"start":{"line":18,"column":32},"end":{"line":18,"column":48}},"2":{"start":{"line":19,"column":19},"end":{"line":19,"column":32}},"3":{"start":{"line":21,"column":2},"end":{"line":110,"column":4}},"4":{"start":{"line":27,"column":12},"end":{"line":40,"column":21}},"5":{"start":{"line":31,"column":16},"end":{"line":36,"column":17}},"6":{"start":{"line":33,"column":18},"end":{"line":33,"column":37}},"7":{"start":{"line":35,"column":18},"end":{"line":35,"column":34}},"8":{"start":{"line":91,"column":14},"end":{"line":91,"column":33}},"9":{"start":{"line":92,"column":14},"end":{"line":92,"column":53}}},"fnMap":{"0":{"name":"Landing","decl":{"start":{"line":17,"column":24},"end":{"line":17,"column":31}},"loc":{"start":{"line":17,"column":34},"end":{"line":111,"column":1}},"line":17},"1":{"name":"(anonymous_1)","decl":{"start":{"line":26,"column":40},"end":{"line":26,"column":41}},"loc":{"start":{"line":27,"column":12},"end":{"line":40,"column":21}},"line":27},"2":{"name":"(anonymous_2)","decl":{"start":{"line":30,"column":23},"end":{"line":30,"column":24}},"loc":{"start":{"line":30,"column":29},"end":{"line":37,"column":15}},"line":30},"3":{"name":"(anonymous_3)","decl":{"start":{"line":90,"column":22},"end":{"line":90,"column":23}},"loc":{"start":{"line":90,"column":29},"end":{"line":93,"column":13}},"line":90}},"branchMap":{"0":{"loc":{"start":{"line":29,"column":35},"end":{"line":29,"column":66}},"type":"cond-expr","locations":[{"start":{"line":29,"column":53},"end":{"line":29,"column":61}},{"start":{"line":29,"column":64},"end":{"line":29,"column":66}}],"line":29},"1":{"loc":{"start":{"line":31,"column":16},"end":{"line":36,"column":17}},"type":"if","locations":[{"start":{"line":31,"column":16},"end":{"line":36,"column":17}},{"start":{"line":34,"column":23},"end":{"line":36,"column":17}}],"line":31},"2":{"loc":{"start":{"line":45,"column":7},"end":{"line":45,"column":61}},"type":"binary-expr","locations":[{"start":{"line":45,"column":7},"end":{"line":45,"column":25}},{"start":{"line":45,"column":29},"end":{"line":45,"column":61}}],"line":45},"3":{"loc":{"start":{"line":46,"column":7},"end":{"line":62,"column":7}},"type":"binary-expr","locations":[{"start":{"line":46,"column":7},"end":{"line":46,"column":29}},{"start":{"line":47,"column":8},"end":{"line":61,"column":18}}],"line":46},"4":{"loc":{"start":{"line":63,"column":7},"end":{"line":81,"column":7}},"type":"binary-expr","locations":[{"start":{"line":63,"column":7},"end":{"line":63,"column":24}},{"start":{"line":64,"column":8},"end":{"line":80,"column":18}}],"line":63},"5":{"loc":{"start":{"line":82,"column":7},"end":{"line":82,"column":43}},"type":"binary-expr","locations":[{"start":{"line":82,"column":7},"end":{"line":82,"column":28}},{"start":{"line":82,"column":32},"end":{"line":82,"column":43}}],"line":82},"6":{"loc":{"start":{"line":83,"column":7},"end":{"line":83,"column":49}},"type":"binary-expr","locations":[{"start":{"line":83,"column":7},"end":{"line":83,"column":33}},{"start":{"line":83,"column":37},"end":{"line":83,"column":49}}],"line":83},"7":{"loc":{"start":{"line":84,"column":7},"end":{"line":104,"column":7}},"type":"binary-expr","locations":[{"start":{"line":84,"column":7},"end":{"line":84,"column":24}},{"start":{"line":85,"column":8},"end":{"line":103,"column":18}}],"line":84}},"s":{"0":0,"1":0,"2":0,"3":0,"4":0,"5":0,"6":0,"7":0,"8":0,"9":0},"f":{"0":0,"1":0,"2":0,"3":0},"b":{"0":[0,0],"1":[0,0],"2":[0,0],"3":[0,0],"4":[0,0],"5":[0,0],"6":[0,0],"7":[0,0]}}
,"/home/etec/Documentos/WeTwo/WeTwo-Front/src/pages/landing/Opinions.jsx": {"path":"/home/etec/Documentos/WeTwo/WeTwo-Front/src/pages/landing/Opinions.jsx","statementMap":{"0":{"start":{"line":3,"column":17},"end":{"line":27,"column":1}},"1":{"start":{"line":4,"column":20},"end":{"line":12,"column":3}},"2":{"start":{"line":14,"column":2},"end":{"line":26,"column":4}},"3":{"start":{"line":19,"column":10},"end":{"line":22,"column":16}}},"fnMap":{"0":{"name":"(anonymous_0)","decl":{"start":{"line":3,"column":17},"end":{"line":3,"column":18}},"loc":{"start":{"line":3,"column":23},"end":{"line":27,"column":1}},"line":3},"1":{"name":"(anonymous_1)","decl":{"start":{"line":18,"column":23},"end":{"line":18,"column":24}},"loc":{"start":{"line":19,"column":10},"end":{"line":22,"column":16}},"line":19}},"branchMap":{},"s":{"0":0,"1":0,"2":0,"3":0},"f":{"0":0,"1":0},"b":{}}
,"/home/etec/Documentos/WeTwo/WeTwo-Front/src/pages/landing/PhoneMockup.jsx": {"path":"/home/etec/Documentos/WeTwo/WeTwo-Front/src/pages/landing/PhoneMockup.jsx","statementMap":{"0":{"start":{"line":4,"column":20},"end":{"line":28,"column":1}},"1":{"start":{"line":5,"column":19},"end":{"line":9,"column":3}},"2":{"start":{"line":11,"column":2},"end":{"line":27,"column":4}},"3":{"start":{"line":15,"column":10},"end":{"line":23,"column":23}}},"fnMap":{"0":{"name":"(anonymous_0)","decl":{"start":{"line":4,"column":20},"end":{"line":4,"column":21}},"loc":{"start":{"line":4,"column":26},"end":{"line":28,"column":1}},"line":4},"1":{"name":"(anonymous_1)","decl":{"start":{"line":14,"column":22},"end":{"line":14,"column":23}},"loc":{"start":{"line":15,"column":10},"end":{"line":23,"column":23}},"line":15}},"branchMap":{},"s":{"0":0,"1":0,"2":0,"3":0},"f":{"0":0,"1":0},"b":{}}
,"/home/etec/Documentos/WeTwo/WeTwo-Front/src/pages/login/Login.jsx": {"path":"/home/etec/Documentos/WeTwo/WeTwo-Front/src/pages/login/Login.jsx","statementMap":{"0":{"start":{"line":6,"column":28},"end":{"line":6,"column":40}},"1":{"start":{"line":7,"column":34},"end":{"line":7,"column":46}},"2":{"start":{"line":8,"column":28},"end":{"line":8,"column":40}},"3":{"start":{"line":9,"column":36},"end":{"line":9,"column":51}},"4":{"start":{"line":10,"column":19},"end":{"line":10,"column":32}},"5":{"start":{"line":12,"column":23},"end":{"line":41,"column":3}},"6":{"start":{"line":13,"column":4},"end":{"line":13,"column":23}},"7":{"start":{"line":14,"column":4},"end":{"line":14,"column":17}},"8":{"start":{"line":15,"column":4},"end":{"line":15,"column":23}},"9":{"start":{"line":17,"column":4},"end":{"line":40,"column":5}},"10":{"start":{"line":18,"column":23},"end":{"line":24,"column":8}},"11":{"start":{"line":26,"column":19},"end":{"line":26,"column":40}},"12":{"start":{"line":28,"column":6},"end":{"line":34,"column":7}},"13":{"start":{"line":29,"column":8},"end":{"line":31,"column":17}},"14":{"start":{"line":30,"column":10},"end":{"line":30,"column":28}},"15":{"start":{"line":33,"column":8},"end":{"line":33,"column":58}},"16":{"start":{"line":36,"column":6},"end":{"line":36,"column":37}},"17":{"start":{"line":37,"column":6},"end":{"line":37,"column":52}},"18":{"start":{"line":39,"column":6},"end":{"line":39,"column":26}},"19":{"start":{"line":43,"column":2},"end":{"line":114,"column":4}},"20":{"start":{"line":75,"column":31},"end":{"line":75,"column":55}},"21":{"start":{"line":87,"column":31},"end":{"line":87,"column":58}},"22":{"start":{"line":107,"column":27},"end":{"line":107,"column":48}}},"fnMap":{"0":{"name":"Login","decl":{"start":{"line":5,"column":24},"end":{"line":5,"column":29}},"loc":{"start":{"line":5,"column":32},"end":{"line":115,"column":1}},"line":5},"1":{"name":"(anonymous_1)","decl":{"start":{"line":12,"column":23},"end":{"line":12,"column":24}},"loc":{"start":{"line":12,"column":36},"end":{"line":41,"column":3}},"line":12},"2":{"name":"(anonymous_2)","decl":{"start":{"line":29,"column":19},"end":{"line":29,"column":20}},"loc":{"start":{"line":29,"column":25},"end":{"line":31,"column":9}},"line":29},"3":{"name":"(anonymous_3)","decl":{"start":{"line":75,"column":24},"end":{"line":75,"column":25}},"loc":{"start":{"line":75,"column":31},"end":{"line":75,"column":55}},"line":75},"4":{"name":"(anonymous_4)","decl":{"start":{"line":87,"column":24},"end":{"line":87,"column":25}},"loc":{"start":{"line":87,"column":31},"end":{"line":87,"column":58}},"line":87},"5":{"name":"(anonymous_5)","decl":{"start":{"line":107,"column":21},"end":{"line":107,"column":22}},"loc":{"start":{"line":107,"column":27},"end":{"line":107,"column":48}},"line":107}},"branchMap":{"0":{"loc":{"start":{"line":28,"column":6},"end":{"line":34,"column":7}},"type":"if","locations":[{"start":{"line":28,"column":6},"end":{"line":34,"column":7}},{"start":{"line":32,"column":13},"end":{"line":34,"column":7}}],"line":28},"1":{"loc":{"start":{"line":33,"column":17},"end":{"line":33,"column":56}},"type":"binary-expr","locations":[{"start":{"line":33,"column":17},"end":{"line":33,"column":27}},{"start":{"line":33,"column":31},"end":{"line":33,"column":56}}],"line":33},"2":{"loc":{"start":{"line":49,"column":9},"end":{"line":65,"column":9}},"type":"binary-expr","locations":[{"start":{"line":49,"column":9},"end":{"line":49,"column":14}},{"start":{"line":50,"column":10},"end":{"line":64,"column":16}}],"line":49},"3":{"loc":{"start":{"line":52,"column":13},"end":{"line":63,"column":13}},"type":"binary-expr","locations":[{"start":{"line":52,"column":13},"end":{"line":52,"column":46}},{"start":{"line":53,"column":14},"end":{"line":62,"column":20}}],"line":52},"4":{"loc":{"start":{"line":97,"column":13},"end":{"line":97,"column":65}},"type":"cond-expr","locations":[{"start":{"line":97,"column":25},"end":{"line":97,"column":46}},{"start":{"line":97,"column":49},"end":{"line":97,"column":65}}],"line":97}},"s":{"0":0,"1":0,"2":0,"3":0,"4":0,"5":0,"6":0,"7":0,"8":0,"9":0,"10":0,"11":0,"12":0,"13":0,"14":0,"15":0,"16":0,"17":0,"18":0,"19":0,"20":0,"21":0,"22":0},"f":{"0":0,"1":0,"2":0,"3":0,"4":0,"5":0},"b":{"0":[0,0],"1":[0,0],"2":[0,0],"3":[0,0],"4":[0,0]}}
,"/home/etec/Documentos/WeTwo/WeTwo-Front/src/pages/register/Register.jsx": {"path":"/home/etec/Documentos/WeTwo/WeTwo-Front/src/pages/register/Register.jsx","statementMap":{"0":{"start":{"line":6,"column":30},"end":{"line":6,"column":42}},"1":{"start":{"line":7,"column":28},"end":{"line":7,"column":40}},"2":{"start":{"line":8,"column":38},"end":{"line":8,"column":50}},"3":{"start":{"line":9,"column":28},"end":{"line":9,"column":40}},"4":{"start":{"line":10,"column":19},"end":{"line":10,"column":32}},"5":{"start":{"line":12,"column":23},"end":{"line":41,"column":3}},"6":{"start":{"line":13,"column":4},"end":{"line":13,"column":23}},"7":{"start":{"line":14,"column":4},"end":{"line":14,"column":17}},"8":{"start":{"line":16,"column":17},"end":{"line":16,"column":46}},"9":{"start":{"line":18,"column":4},"end":{"line":40,"column":5}},"10":{"start":{"line":19,"column":23},"end":{"line":25,"column":8}},"11":{"start":{"line":27,"column":21},"end":{"line":27,"column":42}},"12":{"start":{"line":29,"column":6},"end":{"line":34,"column":7}},"13":{"start":{"line":30,"column":8},"end":{"line":30,"column":58}},"14":{"start":{"line":31,"column":8},"end":{"line":31,"column":27}},"15":{"start":{"line":33,"column":8},"end":{"line":33,"column":54}},"16":{"start":{"line":36,"column":6},"end":{"line":36,"column":44}},"17":{"start":{"line":37,"column":6},"end":{"line":39,"column":8}},"18":{"start":{"line":43,"column":2},"end":{"line":86,"column":4}},"19":{"start":{"line":56,"column":29},"end":{"line":56,"column":54}},"20":{"start":{"line":63,"column":29},"end":{"line":63,"column":53}},"21":{"start":{"line":70,"column":29},"end":{"line":70,"column":58}},"22":{"start":{"line":79,"column":27},"end":{"line":79,"column":40}}},"fnMap":{"0":{"name":"Register","decl":{"start":{"line":5,"column":24},"end":{"line":5,"column":32}},"loc":{"start":{"line":5,"column":35},"end":{"line":87,"column":1}},"line":5},"1":{"name":"(anonymous_1)","decl":{"start":{"line":12,"column":23},"end":{"line":12,"column":24}},"loc":{"start":{"line":12,"column":36},"end":{"line":41,"column":3}},"line":12},"2":{"name":"(anonymous_2)","decl":{"start":{"line":56,"column":22},"end":{"line":56,"column":23}},"loc":{"start":{"line":56,"column":29},"end":{"line":56,"column":54}},"line":56},"3":{"name":"(anonymous_3)","decl":{"start":{"line":63,"column":22},"end":{"line":63,"column":23}},"loc":{"start":{"line":63,"column":29},"end":{"line":63,"column":53}},"line":63},"4":{"name":"(anonymous_4)","decl":{"start":{"line":70,"column":22},"end":{"line":70,"column":23}},"loc":{"start":{"line":70,"column":29},"end":{"line":70,"column":58}},"line":70},"5":{"name":"(anonymous_5)","decl":{"start":{"line":79,"column":21},"end":{"line":79,"column":22}},"loc":{"start":{"line":79,"column":27},"end":{"line":79,"column":40}},"line":79}},"branchMap":{"0":{"loc":{"start":{"line":29,"column":6},"end":{"line":34,"column":7}},"type":"if","locations":[{"start":{"line":29,"column":6},"end":{"line":34,"column":7}},{"start":{"line":32,"column":13},"end":{"line":34,"column":7}}],"line":29},"1":{"loc":{"start":{"line":33,"column":17},"end":{"line":33,"column":52}},"type":"binary-expr","locations":[{"start":{"line":33,"column":17},"end":{"line":33,"column":29}},{"start":{"line":33,"column":33},"end":{"line":33,"column":52}}],"line":33},"2":{"loc":{"start":{"line":49,"column":9},"end":{"line":49,"column":54}},"type":"binary-expr","locations":[{"start":{"line":49,"column":9},"end":{"line":49,"column":14}},{"start":{"line":49,"column":18},"end":{"line":49,"column":54}}],"line":49}},"s":{"0":0,"1":0,"2":0,"3":0,"4":0,"5":0,"6":0,"7":0,"8":0,"9":0,"10":0,"11":0,"12":0,"13":0,"14":0,"15":0,"16":0,"17":0,"18":0,"19":0,"20":0,"21":0,"22":0},"f":{"0":0,"1":0,"2":0,"3":0,"4":0,"5":0},"b":{"0":[0,0],"1":[0,0],"2":[0,0]}}
}
